2024-12-20 17:27:23,503 - INFO - Starting log processing application...
2024-12-20 17:27:23,503 - ERROR - An error occurred: [Errno 2] No such file or directory: 'config.yaml'
2024-12-20 17:27:39,233 - INFO - Starting log processing application...
2024-12-20 17:27:39,233 - ERROR - An error occurred: [Errno 2] No such file or directory: 'config.yaml'
2024-12-20 17:28:17,439 - INFO - Starting log processing application...
2024-12-20 17:28:17,439 - ERROR - An error occurred: [Errno 2] No such file or directory: 'config.yaml'
2024-12-20 17:30:29,931 - INFO - Starting log processing application...
2024-12-20 17:30:29,932 - ERROR - An error occurred: 'charmap' codec can't decode byte 0x9c in position 75: character maps to <undefined>
2024-12-20 17:43:11,779 - INFO - Starting log processing application...
2024-12-20 17:43:11,779 - ERROR - An error occurred: 'charmap' codec can't decode byte 0x9c in position 75: character maps to <undefined>
2024-12-20 17:44:38,705 - INFO - Starting log processing application...
2024-12-20 17:44:38,705 - ERROR - An error occurred: 'charmap' codec can't decode byte 0x9c in position 75: character maps to <undefined>
2024-12-20 17:45:24,533 - INFO - Starting log processing application...
2024-12-20 17:45:24,533 - ERROR - An error occurred: 'charmap' codec can't decode byte 0x9c in position 75: character maps to <undefined>
2024-12-20 17:45:42,648 - INFO - Starting log processing application...
2024-12-20 17:45:42,648 - ERROR - An error occurred: 'charmap' codec can't decode byte 0x9c in position 75: character maps to <undefined>
2024-12-20 17:46:31,041 - INFO - Starting log processing application...
2024-12-20 17:46:31,041 - ERROR - An error occurred: 'charmap' codec can't decode byte 0x9c in position 75: character maps to <undefined>
2024-12-20 17:46:41,135 - INFO - Starting log processing application...
2024-12-20 17:46:41,135 - ERROR - An error occurred: 'charmap' codec can't decode byte 0x9c in position 75: character maps to <undefined>
2024-12-20 17:47:02,406 - INFO - Starting log processing application...
2024-12-20 17:47:02,406 - ERROR - An error occurred: 'charmap' codec can't decode byte 0x9c in position 75: character maps to <undefined>
2024-12-20 17:48:47,736 - INFO - Starting log processing application...
2024-12-20 17:48:47,736 - ERROR - An error occurred: 'charmap' codec can't decode byte 0x9c in position 75: character maps to <undefined>
2024-12-20 17:48:49,852 - INFO - Starting log processing application...
2024-12-20 17:48:49,853 - ERROR - An error occurred: 'charmap' codec can't decode byte 0x9c in position 75: character maps to <undefined>
2024-12-20 17:51:18,815 - INFO - Starting log processing application...
2024-12-20 17:51:18,816 - ERROR - An error occurred: 'charmap' codec can't decode byte 0x9c in position 75: character maps to <undefined>
2024-12-20 17:52:17,128 - INFO - Starting log processing application...
2024-12-20 17:52:17,128 - ERROR - An error occurred: 'charmap' codec can't decode byte 0x9c in position 75: character maps to <undefined>
2024-12-20 17:57:58,805 - INFO - Starting log processing application...
2024-12-20 17:57:58,805 - ERROR - An error occurred: 'charmap' codec can't decode byte 0x9c in position 75: character maps to <undefined>
2024-12-20 18:00:36,159 - INFO - Starting log processing application...
2024-12-20 18:00:36,159 - ERROR - An error occurred: 'charmap' codec can't decode byte 0x9c in position 75: character maps to <undefined>
2024-12-20 18:01:05,466 - INFO - Starting log processing application...
2024-12-20 18:01:05,466 - ERROR - An error occurred: 'charmap' codec can't decode byte 0x9c in position 75: character maps to <undefined>
2024-12-20 18:01:08,532 - INFO - Starting log processing application...
2024-12-20 18:01:08,532 - ERROR - An error occurred: 'charmap' codec can't decode byte 0x9c in position 75: character maps to <undefined>
2024-12-20 18:01:31,311 - INFO - Starting log processing application...
2024-12-20 18:01:31,312 - INFO - Processing logs from directory: C:\path\to\logs
2024-12-20 18:01:31,312 - ERROR - An error occurred: 'BatchProcessor' object has no attribute 'flush'
2024-12-20 18:01:44,497 - INFO - Starting log processing application...
2024-12-20 18:01:44,497 - ERROR - An error occurred: 'charmap' codec can't decode byte 0x9c in position 75: character maps to <undefined>
2024-12-20 18:04:28,087 - INFO - Starting log processing application...
2024-12-20 18:04:28,087 - ERROR - An error occurred: [Errno 2] No such file or directory: 'config/config.yaml'
2024-12-20 18:05:19,839 - INFO - Starting log processing application...
2024-12-20 18:05:19,839 - ERROR - An error occurred: 'charmap' codec can't decode byte 0x9c in position 75: character maps to <undefined>
2024-12-20 18:05:33,825 - INFO - Starting log processing application...
2024-12-20 18:05:33,825 - ERROR - An error occurred: 'charmap' codec can't decode byte 0x9c in position 75: character maps to <undefined>
2024-12-20 18:05:55,978 - INFO - Starting log processing application...
2024-12-20 18:05:55,978 - ERROR - An error occurred: 'charmap' codec can't decode byte 0x9c in position 75: character maps to <undefined>
2024-12-20 18:06:13,755 - INFO - Starting log processing application...
2024-12-20 18:06:13,755 - ERROR - An error occurred: 'charmap' codec can't decode byte 0x9c in position 75: character maps to <undefined>
2024-12-20 18:06:25,369 - INFO - Starting log processing application...
2024-12-20 18:06:25,370 - ERROR - An error occurred: 'charmap' codec can't decode byte 0x9c in position 75: character maps to <undefined>
2024-12-20 18:06:28,820 - INFO - Starting log processing application...
2024-12-20 18:06:28,820 - ERROR - An error occurred: 'charmap' codec can't decode byte 0x9c in position 75: character maps to <undefined>
2024-12-20 18:06:47,149 - INFO - Starting log processing application...
2024-12-20 18:06:47,150 - ERROR - An error occurred: 'charmap' codec can't decode byte 0x9c in position 75: character maps to <undefined>
2024-12-20 18:08:02,682 - INFO - Starting log processing application...
2024-12-20 18:08:02,683 - INFO - Processing logs from directory: C:\Users\user\OneDrive\שולחן העבודה\logs\testlogs.txt
2024-12-20 18:08:02,683 - INFO - Log processing completed successfully.
2024-12-20 18:14:32,459 - INFO - Starting log processing application...
2024-12-20 18:14:32,460 - INFO - Processing logs from directory: C:\Users\user\OneDrive\שולחן העבודה\logs\testlogs.txt
2024-12-20 18:14:32,460 - INFO - Log processing completed successfully.
2024-12-20 18:34:22,633 - INFO - Starting log processing application...
2024-12-20 18:34:22,634 - INFO - Processing logs from directory: C:\Users\user\OneDrive\שולחן העבודה\logs\testlogs.txt
2024-12-20 18:34:22,634 - INFO - Log processing completed successfully.
2024-12-20 18:35:44,739 - INFO - Starting log processing application...
2024-12-20 18:35:44,740 - INFO - Processing logs from directory: C:\Users\user\OneDrive\שולחן העבודה\logs\testlogs
2024-12-20 18:35:44,740 - INFO - Log processing completed successfully.
2024-12-20 18:35:54,460 - INFO - Starting log processing application...
2024-12-20 18:35:54,461 - INFO - Processing logs from directory: C:\Users\user\OneDrive\שולחן העבודה\logs\
2024-12-20 18:35:54,474 - INFO - Log processing completed successfully.
2024-12-20 18:36:26,274 - INFO - Starting log processing application...
2024-12-20 18:36:26,275 - INFO - Processing logs from directory: C:\Users\user\OneDrive\שולחן העבודה\logs
2024-12-20 18:36:26,287 - INFO - Log processing completed successfully.
2024-12-20 18:39:24,592 - INFO - Starting log processing application...
2024-12-20 18:39:24,593 - INFO - Processing logs from directory: C:\Users\user\OneDrive\שולחן העבודה\logs\testlogs
2024-12-20 18:39:24,593 - INFO - Log processing completed successfully.
2024-12-20 18:40:06,800 - INFO - Starting log processing application...
2024-12-20 18:40:06,801 - INFO - Processing logs from directory: C:\Users\user\OneDrive\שולחן העבודה\logs\testlog
2024-12-20 18:40:06,803 - INFO - Log processing completed successfully.
2024-12-20 18:42:14,056 - INFO - Starting log processing application...
2024-12-20 18:42:14,057 - INFO - Processing logs from directory: C:\Users\user\OneDrive\שולחן העבודה\logs\testlog
2024-12-20 18:42:14,081 - INFO - Log processing completed successfully.
2024-12-20 18:43:18,842 - INFO - Starting log processing application...
2024-12-20 18:43:18,843 - INFO - Processing logs from directory: C:\Users\user\OneDrive\שולחן העבודה\logs\testlog
2024-12-20 18:43:18,852 - INFO - Log processing completed successfully.
2024-12-20 18:43:30,053 - INFO - Starting log processing application...
2024-12-20 18:43:30,053 - INFO - Processing logs from directory: C:\Users\user\OneDrive\שולחן העבודה\logs\testlog
2024-12-20 18:43:30,054 - INFO - Log processing completed successfully.
2024-12-20 18:43:42,401 - INFO - Starting log processing application...
2024-12-20 18:43:42,402 - INFO - Processing logs from directory: C:\Users\user\OneDrive\שולחן העבודה\logs\testlog
2024-12-20 18:43:42,404 - INFO - Log processing completed successfully.
2024-12-20 18:43:48,775 - INFO - Starting log processing application...
2024-12-20 18:43:48,776 - INFO - Processing logs from directory: C:\Users\user\OneDrive\שולחן העבודה\logs\testlog
2024-12-20 18:43:48,778 - INFO - Log processing completed successfully.
2024-12-20 18:44:00,869 - INFO - Starting log processing application...
2024-12-20 18:44:00,870 - INFO - Processing logs from directory: C:\Users\user\OneDrive\שולחן העבודה\logs\testlog
2024-12-20 18:44:00,870 - INFO - Log processing completed successfully.
2024-12-20 18:45:04,210 - INFO - Starting log processing application...
2024-12-20 18:45:04,211 - INFO - Processing logs from directory: C:\Users\user\OneDrive\שולחן העבודה\logs\testlog
2024-12-20 18:45:04,213 - INFO - Log processing completed successfully.
2024-12-20 19:46:36,620 - INFO - Starting log processing application...
2024-12-20 19:46:36,622 - INFO - Processing logs from directory: C:\Users\user\OneDrive\שולחן העבודה\logs\testlog
2024-12-20 19:46:36,624 - INFO - Log processing completed successfully.
2024-12-20 19:46:49,077 - INFO - Starting log processing application...
2024-12-20 19:46:49,078 - INFO - Processing logs from directory: C:\Users\user\OneDrive\שולחן העבודה\logs\testlog.txt
2024-12-20 19:46:49,078 - INFO - Log processing completed successfully.
2024-12-20 19:47:09,743 - INFO - Starting log processing application...
2024-12-20 19:47:09,744 - INFO - Processing logs from directory: C:\Users\user\OneDrive\שולחן העבודה\logs\testlog
2024-12-20 19:47:09,746 - INFO - Log processing completed successfully.
2024-12-20 19:48:36,110 - INFO - Starting log processing application...
2024-12-20 19:48:36,111 - INFO - Processing logs from directory: C:\Users\user\OneDrive\שולחן העבודה\logs\testlog
2024-12-20 19:48:36,114 - INFO - Log processing completed successfully.
2024-12-20 19:51:07,955 - INFO - Starting log processing application...
2024-12-20 19:51:07,956 - INFO - Processing logs from directory: C:\Users\user\OneDrive\שולחן העבודה\logs\testlog
2024-12-20 19:51:07,959 - INFO - Log processing completed successfully.
2024-12-20 19:56:53,093 - INFO - Starting log processing application...
2024-12-20 19:56:53,094 - INFO - Processing logs from directory: C:\Users\user\OneDrive\שולחן העבודה\logs\testlog
2024-12-20 19:56:53,097 - INFO - Log processing completed successfully.
2024-12-20 19:57:09,894 - INFO - Starting log processing application...
2024-12-20 19:57:09,895 - INFO - Processing logs from directory: C:\Users\user\OneDrive\שולחן העבודה\logs\testlog
2024-12-20 19:57:09,897 - INFO - Log processing completed successfully.
2024-12-20 20:00:56,841 - INFO - Starting log processing application...
2024-12-20 20:00:56,842 - INFO - Processing logs from directory: C:\Users\user\OneDrive\שולחן העבודה\logs\testlog
2024-12-20 20:00:56,844 - INFO - Log processing completed successfully.
2024-12-20 20:05:25,875 - INFO - Starting log processing application...
2024-12-20 20:05:25,876 - INFO - Processing logs from directory: C:\Users\user\OneDrive\שולחן העבודה\logs\testlog
2024-12-20 20:05:25,878 - INFO - Log processing completed successfully.
2024-12-20 20:05:25,878 - ERROR - An error occurred: generate_report() missing 1 required positional argument: 'batch_processor'
2024-12-20 20:07:11,348 - INFO - Starting log processing application...
2024-12-20 20:07:11,349 - INFO - Processing logs from directory: C:\Users\user\OneDrive\שולחן העבודה\logs\testlog
2024-12-20 20:07:11,351 - INFO - Log processing completed successfully.
2024-12-20 20:08:25,341 - INFO - Starting log processing application...
2024-12-20 20:08:25,342 - INFO - Processing logs from directory: C:\Users\user\OneDrive\שולחן העבודה\logs\testlog
2024-12-20 20:08:25,344 - INFO - Log processing completed successfully.
2024-12-21 13:38:38,388 - INFO - Starting log processing application...
2024-12-21 13:38:38,393 - INFO - Processing logs from directory: C:\Users\user\OneDrive\שולחן העבודה\logs\testlog
2024-12-21 13:38:38,400 - INFO - Log processing completed successfully.
2024-12-21 13:39:27,858 - INFO - Starting log processing application...
2024-12-21 13:39:27,859 - INFO - Processing logs from directory: C:\Users\user\OneDrive\שולחן העבודה\logs\testlog
2024-12-21 13:39:27,862 - INFO - Log processing completed successfully.
2024-12-21 13:49:13,050 - INFO - Starting log processing application...
2024-12-21 13:49:13,054 - INFO - Processing logs from directory: C:\Users\user\OneDrive\שולחן העבודה\logs\testlog
2024-12-21 13:49:13,058 - INFO - Log processing completed successfully.
2024-12-21 13:49:20,139 - INFO - Starting log processing application...
2024-12-21 13:49:20,143 - INFO - Processing logs from directory: C:\Users\user\OneDrive\שולחן העבודה\logs\testlog
2024-12-21 13:49:20,145 - INFO - Log processing completed successfully.
2024-12-21 13:49:39,663 - INFO - Starting log processing application...
2024-12-21 13:49:39,666 - INFO - Processing logs from directory: C:\Users\user\OneDrive\שולחן העבודה\logs\testlog
2024-12-21 13:49:39,669 - INFO - Log processing completed successfully.
2024-12-21 13:49:43,760 - INFO - Starting log processing application...
2024-12-21 13:49:43,764 - INFO - Processing logs from directory: C:\Users\user\OneDrive\שולחן העבודה\logs\testlog
2024-12-21 13:49:43,767 - INFO - Log processing completed successfully.
2024-12-21 13:50:03,167 - INFO - Starting log processing application...
2024-12-21 13:50:03,171 - INFO - Processing logs from directory: C:\Users\user\OneDrive\שולחן העבודה\logs\testlog
2024-12-21 13:50:03,174 - INFO - Log processing completed successfully.
2024-12-21 13:50:07,735 - INFO - Starting log processing application...
2024-12-21 13:50:07,738 - INFO - Processing logs from directory: C:\Users\user\OneDrive\שולחן העבודה\logs\testlog
2024-12-21 13:50:07,741 - INFO - Log processing completed successfully.
2024-12-21 13:50:13,094 - INFO - Starting log processing application...
2024-12-21 13:50:38,312 - INFO - Processing logs from directory: C:\Users\user\OneDrive\שולחן העבודה\logs\testlog
2024-12-21 13:50:38,318 - INFO - Log processing completed successfully.
2024-12-21 13:50:45,846 - INFO - Starting log processing application...
2024-12-21 13:50:45,850 - INFO - Processing logs from directory: C:\Users\user\OneDrive\שולחן העבודה\logs\testlog
2024-12-21 13:50:45,852 - INFO - Log processing completed successfully.
2024-12-21 13:54:08,215 - INFO - Starting log processing application...
2024-12-21 13:54:08,216 - INFO - Processing logs from directory: C:\Users\user\OneDrive\שולחן העבודה\logs\testlog
2024-12-21 13:54:08,219 - INFO - Log processing completed successfully.
2024-12-21 13:54:48,244 - INFO - Starting log processing application...
2024-12-21 13:54:48,248 - INFO - Processing logs from directory: C:\Users\user\OneDrive\שולחן העבודה\logs\testlog
2024-12-21 13:54:48,251 - INFO - Log processing completed successfully.
2024-12-21 13:54:50,810 - INFO - Starting log processing application...
2024-12-21 13:54:50,814 - INFO - Processing logs from directory: C:\Users\user\OneDrive\שולחן העבודה\logs\testlog
2024-12-21 13:54:50,816 - INFO - Log processing completed successfully.
2024-12-21 13:57:14,185 - INFO - Starting log processing application...
2024-12-21 13:57:14,186 - INFO - Processing logs from directory: C:\Users\user\OneDrive\שולחן העבודה\logs\testlog
2024-12-21 13:57:14,189 - INFO - Log processing completed successfully.
2024-12-21 13:58:22,889 - INFO - Starting log processing application...
2024-12-21 13:58:22,890 - INFO - Processing logs from directory: C:\Users\user\OneDrive\שולחן העבודה\logs\testlog
2024-12-21 13:58:22,892 - INFO - Log processing completed successfully.
2024-12-21 13:58:53,515 - INFO - Starting log processing application...
2024-12-21 13:58:53,515 - INFO - Processing logs from directory: C:\Users\user\OneDrive\שולחן העבודה\logs\testlog
2024-12-21 13:58:53,517 - INFO - Log processing completed successfully.
2024-12-21 13:59:01,418 - INFO - Starting log processing application...
2024-12-21 13:59:01,419 - INFO - Processing logs from directory: C:\Users\user\OneDrive\שולחן העבודה\logs\testlog
2024-12-21 13:59:01,422 - INFO - Log processing completed successfully.
2024-12-21 14:00:51,604 - INFO - Starting log processing application...
2024-12-21 14:00:51,607 - INFO - Processing logs from directory: C:\Users\user\OneDrive\שולחן העבודה\logs\testlog
2024-12-21 14:00:51,610 - INFO - Log processing completed successfully.
2024-12-21 14:00:53,736 - INFO - Starting log processing application...
2024-12-21 14:00:53,740 - INFO - Processing logs from directory: C:\Users\user\OneDrive\שולחן העבודה\logs\testlog
2024-12-21 14:00:53,742 - INFO - Log processing completed successfully.
2024-12-21 14:02:01,452 - INFO - Starting log processing application...
2024-12-21 14:02:01,453 - INFO - Processing logs from directory: C:\Users\user\OneDrive\שולחן העבודה\logs\testlog
2024-12-21 14:02:01,456 - INFO - Log processing completed successfully.
2024-12-21 14:02:54,145 - INFO - Starting log processing application...
2024-12-21 14:02:54,147 - INFO - Processing logs from directory: C:\Users\user\OneDrive\שולחן העבודה\logs\testlog
2024-12-21 14:02:54,149 - INFO - Log processing completed successfully.
2024-12-21 14:07:29,025 - INFO - Starting log processing application...
2024-12-21 14:07:29,026 - INFO - Processing logs from directory: C:\Users\user\OneDrive\שולחן העבודה\logs\testlog
2024-12-21 14:07:29,029 - INFO - Log processing completed successfully.
2024-12-21 14:07:31,931 - INFO - Starting log processing application...
2024-12-21 14:07:31,932 - INFO - Processing logs from directory: C:\Users\user\OneDrive\שולחן העבודה\logs\testlog
2024-12-21 14:07:31,934 - INFO - Log processing completed successfully.
2024-12-21 14:07:48,896 - INFO - Starting log processing application...
2024-12-21 14:07:48,897 - INFO - Processing logs from directory: C:\Users\user\OneDrive\שולחן העבודה\logs\testlog
2024-12-21 14:07:48,900 - INFO - Log processing completed successfully.
2024-12-21 14:11:17,035 - INFO - Starting log processing application...
2024-12-21 14:11:17,037 - INFO - Processing logs from directory: C:\Users\user\OneDrive\שולחן העבודה\logs\testlog
2024-12-21 14:11:17,039 - INFO - Log processing completed successfully.
2024-12-21 14:27:02,992 - INFO - Starting log processing application...
2024-12-21 14:27:02,993 - ERROR - An error occurred: __init__() got an unexpected keyword argument 'source_dir'
2024-12-21 14:27:05,382 - INFO - Starting log processing application...
2024-12-21 14:27:05,383 - ERROR - An error occurred: __init__() got an unexpected keyword argument 'source_dir'
2024-12-21 14:27:07,645 - INFO - Starting log processing application...
2024-12-21 14:27:07,646 - ERROR - An error occurred: __init__() got an unexpected keyword argument 'source_dir'
2024-12-21 14:27:27,148 - INFO - Starting log processing application...
2024-12-21 14:27:27,149 - INFO - Processing logs from directory: C:\Users\user\OneDrive\שולחן העבודה\logs\testlog
2024-12-21 14:27:27,152 - INFO - Log processing completed successfully.
2024-12-21 14:35:33,047 - INFO - Starting log processing application...
2024-12-21 14:35:33,047 - ERROR - An error occurred: [Errno 2] No such file or directory: 'config/config.yaml'
2024-12-21 14:35:34,882 - INFO - Starting log processing application...
2024-12-21 14:35:34,882 - ERROR - An error occurred: [Errno 2] No such file or directory: 'config/config.yaml'
2024-12-21 14:35:38,374 - INFO - Starting log processing application...
2024-12-21 14:35:38,374 - ERROR - An error occurred: [Errno 2] No such file or directory: 'config/config.yaml'
2024-12-21 14:35:56,529 - INFO - Starting log processing application...
2024-12-21 14:35:56,530 - ERROR - An error occurred: 'output'
2024-12-21 14:36:02,378 - INFO - Starting log processing application...
2024-12-21 14:36:02,379 - ERROR - An error occurred: 'output'
2024-12-21 14:36:15,498 - INFO - Starting log processing application...
2024-12-21 14:36:15,499 - ERROR - An error occurred: __init__() got an unexpected keyword argument 'source_dir'
2024-12-21 14:36:28,447 - INFO - Starting log processing application...
2024-12-21 14:36:28,448 - ERROR - An error occurred: __init__() got an unexpected keyword argument 'source_dir'
2024-12-21 14:36:37,930 - INFO - Starting log processing application...
2024-12-21 14:36:37,931 - ERROR - An error occurred: __init__() got an unexpected keyword argument 'source_dir'
2024-12-21 14:36:42,669 - INFO - Starting log processing application...
2024-12-21 14:36:42,670 - ERROR - An error occurred: __init__() got an unexpected keyword argument 'source_dir'
2024-12-21 14:36:44,417 - INFO - Starting log processing application...
2024-12-21 14:36:44,418 - ERROR - An error occurred: __init__() got an unexpected keyword argument 'source_dir'
2024-12-21 14:36:48,697 - INFO - Starting log processing application...
2024-12-21 14:36:48,698 - INFO - Processing logs from directory: C:\Users\user\OneDrive\שולחן העבודה\logs\testlog
2024-12-21 14:36:48,700 - INFO - Log processing completed successfully.
2024-12-25 20:07:23,494 - INFO - Starting log processing application...
2024-12-25 20:07:23,503 - INFO - Processing logs from directory: C:\Users\user\OneDrive\שולחן העבודה\logs\testlog
2024-12-25 20:07:23,518 - INFO - Log processing completed successfully.
2024-12-25 20:16:11,785 - INFO - Starting log processing application...
2024-12-25 20:16:11,786 - ERROR - An error occurred: __init__() got an unexpected keyword argument 'source_dir'
2024-12-25 20:16:16,297 - INFO - Starting log processing application...
2024-12-25 20:16:16,298 - ERROR - An error occurred: __init__() got an unexpected keyword argument 'source_dir'
2024-12-25 20:19:50,295 - INFO - Starting log processing application...
2024-12-25 20:19:50,296 - ERROR - An error occurred: 'log_file'
2024-12-25 20:19:57,217 - INFO - Starting log processing application...
2024-12-25 20:19:57,218 - INFO - Log processing completed successfully.
2024-12-25 20:22:15,878 - INFO - Starting log processing application...
2024-12-25 20:22:15,879 - ERROR - An error occurred: __init__() missing 1 required positional argument: 'source_dir'
2024-12-25 20:22:39,580 - INFO - Starting log processing application...
2024-12-25 20:22:39,581 - INFO - Processing logs from directory: C:\Users\user\OneDrive\שולחן העבודה\logs\testlog
2024-12-25 20:22:39,582 - INFO - Log processing completed successfully.
2024-12-25 20:25:35,625 - INFO - Starting log processing application...
2024-12-25 20:25:35,626 - INFO - Processing logs from directory: C:\Users\user\OneDrive\שולחן העבודה\logs\testlog
2024-12-25 20:25:35,626 - INFO - Log processing completed successfully.
2024-12-25 20:27:54,252 - INFO - Starting log processing application...
2024-12-25 20:27:54,253 - INFO - Processing logs from directory: C:\Users\user\OneDrive\שולחן העבודה\logs\testlog
2024-12-25 20:27:54,253 - INFO - Log processing completed successfully.
2024-12-25 20:30:11,200 - INFO - Starting log processing application...
2024-12-25 20:30:11,200 - ERROR - An error occurred: [Errno 2] No such file or directory: 'config.yaml'
2024-12-25 20:30:24,780 - INFO - Starting log processing application...
2024-12-25 20:30:24,781 - INFO - Processing logs from directory: C:\Users\user\OneDrive\שולחן העבודה\logs\testlog
2024-12-25 20:30:24,782 - ERROR - An error occurred: 'LogFilter' object has no attribute 'apply'
2024-12-25 20:32:05,939 - INFO - Starting log processing application...
2024-12-25 20:32:05,940 - ERROR - An error occurred: __init__() got an unexpected keyword argument 'supported_formats'
2024-12-25 20:41:08,214 - INFO - Starting log processing application...
2024-12-25 20:41:08,214 - ERROR - An error occurred: [Errno 2] No such file or directory: 'config/config.yaml'
2024-12-25 20:41:15,520 - INFO - Starting log processing application...
2024-12-25 20:41:15,521 - ERROR - An error occurred: 'file'
2024-12-25 20:44:05,980 - INFO - Starting log processing application...
2024-12-25 20:44:05,981 - ERROR - An error occurred: 'file'
2024-12-25 20:44:38,410 - INFO - Starting log processing application...
2024-12-25 20:44:38,411 - ERROR - An error occurred: 'file'
2024-12-25 20:46:29,219 - INFO - Starting log processing application...
2024-12-25 20:46:29,220 - ERROR - An error occurred: 'file'
2024-12-25 20:47:51,828 - INFO - Starting log processing application...
2024-12-25 20:47:51,828 - ERROR - An error occurred: 'file'
2024-12-25 21:06:18,953 - INFO - Starting log processing application...
2024-12-25 21:06:18,954 - ERROR - An error occurred: 'file'
2024-12-25 21:07:15,453 - INFO - Starting log processing application...
2024-12-25 21:07:15,454 - INFO - Processing logs from directory: C:\Users\user\OneDrive\שולחן העבודה\logs\testlog
2024-12-25 21:07:15,454 - ERROR - An error occurred: 'LogParser' object has no attribute 'parse_all_logs'
2024-12-25 21:08:02,728 - INFO - Starting log processing application...
2024-12-25 21:08:02,730 - INFO - Processing logs from directory: C:\Users\user\OneDrive\שולחן העבודה\logs\testlog
2024-12-25 21:08:02,730 - ERROR - An error occurred: 'LogParser' object has no attribute 'parse_all_logs'
2024-12-25 21:09:07,844 - INFO - Starting log processing application...
2024-12-25 21:09:07,845 - INFO - Processing logs from directory: C:\Users\user\OneDrive\שולחן העבודה\logs\testlog
2024-12-25 21:09:07,845 - INFO - Log processing completed successfully.
2024-12-25 21:09:26,637 - INFO - Starting log processing application...
2024-12-25 21:09:26,638 - INFO - Processing logs from directory: C:\Users\user\OneDrive\שולחן העבודה\logs\testlog
2024-12-25 21:09:26,639 - INFO - Log processing completed successfully.
2024-12-25 21:10:15,111 - INFO - Starting log processing application...
2024-12-25 21:10:15,113 - INFO - Processing logs from directory: C:\Users\user\OneDrive\שולחן העבודה\logs\testlog
2024-12-25 21:10:15,154 - INFO - Log processing completed successfully.
2024-12-25 21:11:20,369 - INFO - Starting log processing application...
2024-12-25 21:11:20,373 - INFO - Processing logs from directory: C:\Users\user\OneDrive\שולחן העבודה\logs\testlog
2024-12-25 21:11:44,396 - INFO - Log processing completed successfully.
2024-12-25 21:11:51,164 - INFO - Starting log processing application...
2024-12-25 21:11:51,168 - INFO - Processing logs from directory: C:\Users\user\OneDrive\שולחן העבודה\logs\testlog
2024-12-25 21:30:57,187 - INFO - Starting log processing application...
2024-12-25 21:30:57,188 - INFO - Processing logs from directory: C:\Users\user\OneDrive\שולחן העבודה\logs\testlog
2024-12-25 21:31:01,422 - INFO - Log processing completed successfully.
2024-12-26 19:51:01,517 - INFO - Starting log processing application...
2024-12-26 19:51:01,526 - INFO - Processing logs from directory: C:\Users\user\OneDrive\שולחן העבודה\logs\testlog
2024-12-26 19:51:01,526 - INFO - Log processing completed successfully.
2024-12-26 19:51:16,170 - INFO - Starting log processing application...
2024-12-26 19:51:16,171 - INFO - Processing logs from directory: C:\Users\user\OneDrive\שולחן העבודה\logs\testlog
2024-12-26 19:51:16,176 - INFO - Log processing completed successfully.
2024-12-26 20:01:14,234 - INFO - Starting log processing application...
2024-12-26 20:01:14,235 - INFO - Processing logs from directory: C:\Users\user\OneDrive\שולחן העבודה\logs\testlog
2024-12-26 20:01:14,237 - INFO - Log processing completed successfully.
2024-12-26 20:01:22,619 - INFO - Starting log processing application...
2024-12-26 20:01:22,620 - INFO - Processing logs from directory: C:\Users\user\OneDrive\שולחן העבודה\logs\testlog
2024-12-26 20:01:22,622 - INFO - Log processing completed successfully.
2024-12-26 20:01:34,960 - INFO - Starting log processing application...
2024-12-26 20:01:34,962 - INFO - Processing logs from directory: C:\Users\user\OneDrive\שולחן העבודה\logs\testlog
2024-12-26 20:01:34,965 - INFO - Log processing completed successfully.
2024-12-26 20:01:53,865 - INFO - Starting log processing application...
2024-12-26 20:01:53,866 - INFO - Processing logs from directory: C:\Users\user\OneDrive\שולחן העבודה\logs\testlog
2024-12-26 20:01:53,868 - INFO - Log processing completed successfully.
2024-12-26 20:03:53,941 - INFO - Starting log processing application...
2024-12-26 20:03:53,942 - INFO - Processing logs from directory: C:\Users\user\OneDrive\שולחן העבודה\logs\testlog
2024-12-26 20:03:53,944 - INFO - Log processing completed successfully.
2024-12-26 20:04:21,435 - INFO - Starting log processing application...
2024-12-26 20:04:21,436 - INFO - Processing logs from directory: C:\Users\user\OneDrive\שולחן העבודה\logs\testlog
2024-12-26 20:04:21,437 - INFO - Log processing completed successfully.
2024-12-26 20:05:15,123 - INFO - Starting log processing application...
2024-12-26 20:05:15,124 - INFO - Processing logs from directory: C:\Users\user\OneDrive\שולחן העבודה\logs\testlog
2024-12-26 20:05:15,157 - INFO - Log processing completed successfully.
2024-12-26 20:05:21,685 - INFO - Starting log processing application...
2024-12-26 20:05:21,686 - INFO - Processing logs from directory: C:\Users\user\OneDrive\שולחן העבודה\logs\testlog
2024-12-26 20:05:21,695 - INFO - Log processing completed successfully.
2024-12-26 20:05:38,265 - INFO - Starting log processing application...
2024-12-26 20:05:38,266 - INFO - Processing logs from directory: C:\Users\user\OneDrive\שולחן העבודה\logs\testlog
2024-12-26 20:05:38,276 - INFO - Log processing completed successfully.
2024-12-26 20:07:58,995 - INFO - Starting log processing application...
2024-12-26 20:07:58,999 - INFO - Processing logs from directory: C:\Users\user\OneDrive\שולחן העבודה\logs\testlog
2024-12-26 20:07:59,008 - INFO - Log processing completed successfully.
2024-12-26 20:08:01,474 - INFO - Starting log processing application...
2024-12-26 20:08:01,475 - INFO - Processing logs from directory: C:\Users\user\OneDrive\שולחן העבודה\logs\testlog
2024-12-26 20:08:01,499 - INFO - Log processing completed successfully.
2024-12-26 20:08:38,013 - INFO - Starting log processing application...
2024-12-26 20:08:38,014 - INFO - Processing logs from directory: C:\Users\user\OneDrive\שולחן העבודה\logs\testlog
2024-12-26 20:08:38,026 - INFO - Log processing completed successfully.
2024-12-26 20:08:47,627 - INFO - Starting log processing application...
2024-12-26 20:08:47,628 - INFO - Processing logs from directory: C:\Users\user\OneDrive\שולחן העבודה\logs\testlog
2024-12-26 20:08:47,652 - INFO - Log processing completed successfully.
2024-12-26 20:08:49,737 - INFO - Starting log processing application...
2024-12-26 20:08:49,738 - INFO - Processing logs from directory: C:\Users\user\OneDrive\שולחן העבודה\logs\testlog
2024-12-26 20:08:49,756 - INFO - Log processing completed successfully.
2024-12-26 20:08:55,139 - INFO - Starting log processing application...
2024-12-26 20:08:55,140 - INFO - Processing logs from directory: C:\Users\user\OneDrive\שולחן העבודה\logs\testlog
2024-12-26 20:08:55,158 - INFO - Log processing completed successfully.
2024-12-26 20:09:28,273 - INFO - Starting log processing application...
2024-12-26 20:09:28,274 - INFO - Processing logs from directory: C:\Users\user\OneDrive\שולחן העבודה\logs\testlog
2024-12-26 20:09:28,298 - INFO - Log processing completed successfully.
2024-12-26 20:10:09,901 - INFO - Starting log processing application...
2024-12-26 20:10:09,902 - INFO - Processing logs from directory: C:\Users\user\OneDrive\שולחן העבודה\logs\testlog
2024-12-26 20:10:09,902 - INFO - Log processing completed successfully.
2024-12-26 20:11:38,554 - INFO - Starting log processing application...
2024-12-26 20:11:38,555 - INFO - Processing logs from directory: C:\Users\user\OneDrive\שולחן העבודה\logs\testlog
2024-12-26 20:11:38,555 - INFO - Log processing completed successfully.
2024-12-26 20:11:47,154 - INFO - Starting log processing application...
2024-12-26 20:11:47,155 - INFO - Processing logs from directory: C:\Users\user\OneDrive\שולחן העבודה\logs\testlog
2024-12-26 20:11:47,156 - INFO - Log processing completed successfully.
2024-12-26 20:13:20,297 - INFO - Starting log processing application...
2024-12-26 20:13:20,298 - INFO - Processing logs from directory: C:\Users\user\OneDrive\שולחן העבודה\logs\testlog
2024-12-26 20:13:20,298 - INFO - Log processing completed successfully.
2024-12-26 20:14:59,606 - INFO - Starting log processing application...
2024-12-26 20:14:59,607 - INFO - Processing logs from directory: C:\Users\user\OneDrive\שולחן העבודה\logs\testlog
2024-12-26 20:14:59,607 - INFO - Log processing completed successfully.
2024-12-26 20:15:46,739 - INFO - Starting log processing application...
2024-12-26 20:15:46,740 - INFO - Processing logs from directory: C:\Users\user\OneDrive\שולחן העבודה\logs\testlog
2024-12-26 20:15:46,740 - INFO - Log processing completed successfully.
2024-12-26 20:15:59,097 - INFO - Starting log processing application...
2024-12-26 20:15:59,098 - INFO - Processing logs from directory: C:\Users\user\OneDrive\שולחן העבודה\logs\testlog
2024-12-26 20:15:59,098 - INFO - Log processing completed successfully.
2024-12-26 20:16:02,514 - INFO - Starting log processing application...
2024-12-26 20:16:02,515 - INFO - Processing logs from directory: C:\Users\user\OneDrive\שולחן העבודה\logs\testlog
2024-12-26 20:16:02,516 - INFO - Log processing completed successfully.
2024-12-26 20:16:06,937 - INFO - Starting log processing application...
2024-12-26 20:16:06,938 - INFO - Processing logs from directory: C:\Users\user\OneDrive\שולחן העבודה\logs\testlog
2024-12-26 20:16:06,938 - INFO - Log processing completed successfully.
2024-12-26 20:16:13,145 - INFO - Starting log processing application...
2024-12-26 20:16:13,146 - INFO - Processing logs from directory: C:\Users\user\OneDrive\שולחן העבודה\logs\testlog
2024-12-26 20:16:13,146 - INFO - Log processing completed successfully.
2024-12-26 20:19:06,231 - INFO - Starting log processing application...
2024-12-26 20:19:06,232 - INFO - Processing logs from directory: C:\Users\user\OneDrive\שולחן העבודה\logs\testlog
2024-12-26 20:19:06,233 - INFO - Log processing completed successfully.
2024-12-26 20:20:41,486 - INFO - Starting log processing application...
2024-12-26 20:20:41,487 - INFO - Processing logs from directory: C:\Users\user\OneDrive\שולחן העבודה\logs\testlog
2024-12-26 20:20:41,487 - INFO - Log processing completed successfully.
2024-12-26 20:20:44,293 - INFO - Starting log processing application...
2024-12-26 20:20:44,294 - INFO - Processing logs from directory: C:\Users\user\OneDrive\שולחן העבודה\logs\testlog
2024-12-26 20:20:44,294 - INFO - Log processing completed successfully.
2024-12-26 20:20:55,199 - INFO - Starting log processing application...
2024-12-26 20:20:55,202 - INFO - Processing logs from directory: C:\Users\user\OneDrive\שולחן העבודה\logs\testlog
2024-12-26 20:21:03,175 - INFO - Starting log processing application...
2024-12-26 20:21:03,178 - INFO - Processing logs from directory: C:\Users\user\OneDrive\שולחן העבודה\logs\testlog
2024-12-26 20:21:38,040 - INFO - Starting log processing application...
2024-12-26 20:21:38,041 - INFO - Processing logs from directory: C:\Users\user\OneDrive\שולחן העבודה\logs\testlog
2024-12-26 20:21:38,042 - INFO - Log processing completed successfully.
2024-12-26 20:21:46,778 - INFO - Starting log processing application...
2024-12-26 20:21:46,779 - INFO - Processing logs from directory: C:\Users\user\OneDrive\שולחן העבודה\logs\testlog
2024-12-26 20:21:46,779 - ERROR - Error during log parsing: 'LogParser' object has no attribute 'parse_all_logs'
2024-12-26 20:21:46,779 - CRITICAL - An unrecoverable error occurred: 'LogParser' object has no attribute 'parse_all_logs'
2024-12-26 20:21:56,285 - INFO - Starting log processing application...
2024-12-26 20:21:56,286 - INFO - Processing logs from directory: C:\Users\user\OneDrive\שולחן העבודה\logs\testlog
2024-12-26 20:21:56,286 - INFO - Log processing completed successfully.
2024-12-26 20:35:33,360 - INFO - Starting log processing application...
2024-12-26 20:35:33,361 - INFO - Processing logs from directory: C:\Users\user\OneDrive\שולחן העבודה\logs\testlog
2024-12-26 20:35:33,362 - INFO - Log processing completed successfully.
2024-12-26 20:36:52,934 - INFO - Starting log processing application...
2024-12-26 20:36:52,935 - INFO - Processing logs from directory: C:\Users\user\OneDrive\שולחן העבודה\logs\testlog
2024-12-26 20:36:52,935 - INFO - Log processing completed successfully.
2024-12-26 20:37:22,704 - INFO - Starting log processing application...
2024-12-26 20:37:22,708 - INFO - Processing logs from directory: C:\Users\user\OneDrive\שולחן העבודה\logs\testlog
2024-12-26 20:37:22,709 - INFO - Log processing completed successfully.
2024-12-26 20:37:36,810 - INFO - Starting log processing application...
2024-12-26 20:37:36,814 - INFO - Processing logs from directory: C:\Users\user\OneDrive\שולחן העבודה\logs\testlog
2024-12-26 20:37:36,815 - INFO - Log processing completed successfully.
2024-12-26 20:37:46,355 - INFO - Starting log processing application...
2024-12-26 20:37:46,359 - INFO - Processing logs from directory: C:\Users\user\OneDrive\שולחן העבודה\logs\testlog
2024-12-26 20:38:07,501 - INFO - Starting log processing application...
2024-12-26 20:38:07,505 - INFO - Processing logs from directory: C:\Users\user\OneDrive\שולחן העבודה\logs\testlog
2024-12-26 20:38:07,507 - INFO - Log processing completed successfully.
2024-12-26 20:38:10,037 - INFO - Starting log processing application...
2024-12-26 20:38:10,041 - INFO - Processing logs from directory: C:\Users\user\OneDrive\שולחן העבודה\logs\testlog
2024-12-26 20:38:10,043 - INFO - Log processing completed successfully.
2024-12-26 20:38:16,271 - INFO - Starting log processing application...
2024-12-26 20:38:16,275 - INFO - Processing logs from directory: C:\Users\user\OneDrive\שולחן העבודה\logs\testlog
2024-12-26 20:38:16,277 - INFO - Log processing completed successfully.
2024-12-26 20:38:23,320 - INFO - Starting log processing application...
2024-12-26 20:38:23,323 - INFO - Processing logs from directory: C:\Users\user\OneDrive\שולחן העבודה\logs\testlog
2024-12-26 20:38:44,172 - INFO - Log processing completed successfully.
2024-12-26 20:40:08,280 - INFO - Starting log processing application...
2024-12-26 20:40:08,281 - INFO - Processing logs from directory: C:\Users\user\OneDrive\שולחן העבודה\logs\testlog
2024-12-26 20:40:08,282 - INFO - Log processing completed successfully.
2024-12-26 20:43:33,818 - INFO - Starting log processing application...
2024-12-26 20:43:33,822 - INFO - Processing logs from directory: C:\Users\user\OneDrive\שולחן העבודה\logs\testlog
2024-12-26 20:43:37,500 - INFO - Starting log processing application...
2024-12-26 20:43:37,501 - INFO - Processing logs from directory: C:\Users\user\OneDrive\שולחן העבודה\logs\testlog
2024-12-26 20:43:37,501 - INFO - Log processing completed successfully.
2024-12-26 20:44:38,895 - INFO - Starting log processing application...
2024-12-26 20:44:38,899 - INFO - Processing logs from directory: C:\Users\user\OneDrive\שולחן העבודה\logs\testlog
2024-12-26 20:45:41,316 - INFO - Starting log processing application...
2024-12-26 20:45:41,317 - INFO - Processing logs from directory: C:\Users\user\OneDrive\שולחן העבודה\logs\testlog
2024-12-26 20:45:41,326 - INFO - Log processing completed successfully.
2024-12-26 20:49:44,150 - INFO - Starting log processing application...
2024-12-26 20:49:44,151 - INFO - Processing logs from directory: C:\Users\user\OneDrive\שולחן העבודה\logs\testlog
2024-12-26 20:49:44,160 - INFO - Log processing completed successfully.
2024-12-28 19:02:19,585 - INFO - Starting log processing application...
2024-12-28 19:02:19,592 - INFO - Processing logs from directory: C:\Users\user\OneDrive\שולחן העבודה\logs\testlog
2024-12-28 19:02:19,635 - INFO - Log processing completed successfully.
2024-12-28 19:02:54,486 - INFO - Starting log processing application...
2024-12-28 19:02:54,487 - INFO - Processing logs from directory: C:\Users\user\OneDrive\שולחן העבודה\logs\testlog
2024-12-28 19:02:54,488 - INFO - Log processing completed successfully.
2024-12-28 19:02:58,539 - INFO - Starting log processing application...
2024-12-28 19:02:58,540 - INFO - Processing logs from directory: C:\Users\user\OneDrive\שולחן העבודה\logs\testlog
2024-12-28 19:02:58,541 - INFO - Log processing completed successfully.
2024-12-28 19:13:59,772 - INFO - Starting log processing application...
2024-12-28 19:13:59,773 - INFO - Processing logs from directory: C:\Users\user\OneDrive\שולחן העבודה\logs\testlog
2024-12-28 19:13:59,773 - INFO - Log processing completed successfully.
2024-12-28 19:14:33,874 - INFO - Starting log processing application...
2024-12-28 19:14:33,875 - INFO - Processing logs from directory: C:\Users\user\OneDrive\שולחן העבודה\logs\testlog
2024-12-28 19:14:33,875 - INFO - Log processing completed successfully.
2024-12-28 19:14:42,758 - INFO - Starting log processing application...
2024-12-28 19:14:42,759 - INFO - Processing logs from directory: C:\Users\user\OneDrive\שולחן העבודה\logs\testlog
2024-12-28 19:14:42,759 - INFO - Log processing completed successfully.
2024-12-28 19:15:55,088 - INFO - Starting log processing application...
2024-12-28 19:15:55,089 - INFO - Processing logs from directory: C:\Users\user\OneDrive\שולחן העבודה\logs\testlog
2024-12-28 19:15:55,089 - INFO - Log processing completed successfully.
2024-12-28 19:20:21,005 - INFO - Starting log processing application...
2024-12-28 19:20:21,006 - INFO - Processing logs from directory: C:\Users\user\OneDrive\שולחן העבודה\logs\testlog
2024-12-28 19:20:21,006 - INFO - Log processing completed successfully.
2024-12-28 19:20:50,327 - INFO - Starting log processing application...
2024-12-28 19:20:50,328 - INFO - Processing logs from directory: C:\Users\user\OneDrive\שולחן העבודה\logs\testlog
2024-12-28 19:20:50,329 - INFO - Log processing completed successfully.
2024-12-28 19:21:13,145 - INFO - Starting log processing application...
2024-12-28 19:21:13,146 - INFO - Processing logs from directory: C:\Users\user\OneDrive\שולחן העבודה\logs\testlog
2024-12-28 19:21:13,147 - INFO - Log processing completed successfully.
2024-12-28 19:21:19,696 - INFO - Starting log processing application...
2024-12-28 19:21:19,697 - INFO - Processing logs from directory: C:\Users\user\OneDrive\שולחן העבודה\logs\testlog
2024-12-28 19:21:19,698 - INFO - Log processing completed successfully.
2024-12-28 19:21:23,351 - INFO - Starting log processing application...
2024-12-28 19:21:23,352 - INFO - Processing logs from directory: C:\Users\user\OneDrive\שולחן העבודה\logs\testlog
2024-12-28 19:21:23,352 - INFO - Log processing completed successfully.
2024-12-28 19:21:43,515 - INFO - Starting log processing application...
2024-12-28 19:21:43,517 - INFO - Processing logs from directory: C:\Users\user\OneDrive\שולחן העבודה\logs\testlog
2024-12-28 19:21:43,517 - INFO - Log processing completed successfully.
2024-12-28 19:23:38,896 - INFO - Starting log processing application...
2024-12-28 19:23:38,900 - INFO - Processing logs from directory: C:\Users\user\OneDrive\שולחן העבודה\logs\testlog
2024-12-28 19:23:38,901 - INFO - Log processing completed successfully.
2024-12-28 19:25:04,668 - INFO - Starting log processing application...
2024-12-28 19:25:04,672 - INFO - Processing logs from directory: C:\Users\user\OneDrive\שולחן העבודה\logs\testlog
2024-12-28 19:25:04,672 - INFO - Log processing completed successfully.
2024-12-28 19:25:19,787 - INFO - Starting log processing application...
2024-12-28 19:25:19,791 - INFO - Processing logs from directory: C:\Users\user\OneDrive\שולחן העבודה\logs\testlog
2024-12-28 19:25:19,792 - INFO - Log processing completed successfully.
2024-12-28 19:25:21,862 - INFO - Starting log processing application...
2024-12-28 19:25:21,863 - INFO - Processing logs from directory: C:\Users\user\OneDrive\שולחן העבודה\logs\testlog
2024-12-28 19:25:21,863 - INFO - Log processing completed successfully.
2024-12-28 19:25:36,958 - INFO - Starting log processing application...
2024-12-28 19:25:36,960 - INFO - Processing logs from directory: C:\Users\user\OneDrive\שולחן העבודה\logs\testlog
2024-12-28 19:25:36,960 - INFO - Log processing completed successfully.
2024-12-28 19:28:02,795 - INFO - Starting log processing application...
2024-12-28 19:28:02,796 - INFO - Processing logs from directory: C:\Users\user\OneDrive\שולחן העבודה\logs\testlog
2024-12-28 19:28:02,796 - INFO - Log processing completed successfully.
2024-12-28 19:29:55,776 - INFO - Starting log processing application...
2024-12-28 19:29:55,777 - INFO - Processing logs from directory: C:\Users\user\OneDrive\שולחן העבודה\logs\testlog
2024-12-28 19:29:55,777 - INFO - Log processing completed successfully.
2024-12-28 19:31:32,517 - INFO - Starting log processing application...
2024-12-28 19:31:32,518 - INFO - Processing logs from directory: C:\Users\user\OneDrive\שולחן העבודה\logs\testlog
2024-12-28 19:31:33,209 - INFO - Log processing completed successfully.
2024-12-28 19:32:43,396 - INFO - Starting log processing application...
2024-12-28 19:32:43,397 - INFO - Processing logs from directory: C:\Users\user\OneDrive\שולחן העבודה\logs\testlog
2024-12-28 19:32:43,425 - INFO - Log processing completed successfully.
2024-12-28 19:33:21,440 - INFO - Starting log processing application...
2024-12-28 19:33:21,441 - INFO - Processing logs from directory: C:\Users\user\OneDrive\שולחן העבודה\logs\testlog
2024-12-28 19:33:21,469 - INFO - Log processing completed successfully.
2024-12-28 19:34:48,812 - INFO - Starting log processing application...
2024-12-28 19:34:48,813 - INFO - Processing logs from directory: C:\Users\user\OneDrive\שולחן העבודה\logs\testlog
2024-12-28 19:34:48,841 - INFO - Log processing completed successfully.
2024-12-28 19:36:07,285 - INFO - Starting log processing application...
2024-12-28 19:36:07,286 - INFO - Processing logs from directory: C:\Users\user\OneDrive\שולחן העבודה\logs\testlog
2024-12-28 19:36:07,320 - INFO - Log processing completed successfully.
2024-12-28 19:36:31,166 - INFO - Starting log processing application...
2024-12-28 19:36:31,167 - INFO - Processing logs from directory: C:\Users\user\OneDrive\שולחן העבודה\logs\testlog
2024-12-28 19:36:31,168 - INFO - Log processing completed successfully.
2024-12-28 19:36:58,952 - INFO - Starting log processing application...
2024-12-28 19:36:58,954 - INFO - Processing logs from directory: C:\Users\user\OneDrive\שולחן העבודה\logs\testlog
2024-12-28 19:36:58,954 - INFO - Log processing completed successfully.
2024-12-28 19:38:54,029 - INFO - Starting log processing application...
2024-12-28 19:38:54,030 - INFO - Processing logs from directory: C:\Users\user\OneDrive\שולחן העבודה\logs\testlog
2024-12-28 19:38:54,061 - INFO - Log processing completed successfully.
2024-12-28 19:39:58,873 - INFO - Starting log processing application...
2024-12-28 19:39:58,874 - INFO - Processing logs from directory: C:\Users\user\OneDrive\שולחן העבודה\logs\testlog
2024-12-28 19:39:58,875 - INFO - Log processing completed successfully.
2024-12-28 19:42:42,141 - INFO - Starting log processing application...
2024-12-28 19:42:42,142 - CRITICAL - An unrecoverable error occurred: __init__() got an unexpected keyword argument 'source_dir'
2024-12-28 19:49:38,432 - INFO - Starting log processing application...
2024-12-28 19:49:38,435 - CRITICAL - An unrecoverable error occurred: __init__() got an unexpected keyword argument 'source_dir'
2024-12-28 19:49:40,726 - INFO - Starting log processing application...
2024-12-28 19:49:40,727 - CRITICAL - An unrecoverable error occurred: __init__() got an unexpected keyword argument 'source_dir'
2024-12-28 19:50:20,636 - INFO - Starting log processing application...
2024-12-28 19:50:20,637 - CRITICAL - An unrecoverable error occurred: __init__() got an unexpected keyword argument 'source_dir'
2024-12-28 19:50:27,396 - INFO - Starting log processing application...
2024-12-28 19:50:27,397 - ERROR - Missing configuration key: 'source'
2024-12-28 19:51:17,498 - INFO - Starting log processing application...
2024-12-28 19:51:17,499 - CRITICAL - An unrecoverable error occurred: __init__() got an unexpected keyword argument 'source_dir'
2024-12-28 19:52:11,964 - INFO - Starting log processing application...
2024-12-28 19:52:11,965 - CRITICAL - An unrecoverable error occurred: __init__() got an unexpected keyword argument 'source_dir'
2024-12-28 19:53:28,017 - INFO - Starting log processing application...
2024-12-28 19:53:28,018 - CRITICAL - An unrecoverable error occurred: __init__() got an unexpected keyword argument 'source_dir'
2024-12-28 19:53:40,311 - INFO - Starting log processing application...
2024-12-28 19:53:40,312 - CRITICAL - An unrecoverable error occurred: __init__() got an unexpected keyword argument 'source_dir'
2024-12-28 19:54:09,534 - INFO - Starting log processing application...
2024-12-28 19:54:09,535 - INFO - Processing logs from directory: C:\Users\user\OneDrive\שולחן העבודה\logs\testlog
2024-12-28 19:54:09,535 - INFO - Log processing completed successfully.
2024-12-28 19:58:12,399 - INFO - Starting log processing application...
2024-12-28 19:58:12,400 - INFO - Processing logs from directory: C:\Users\user\OneDrive\שולחן העבודה\logs\testlog
2024-12-28 19:58:12,400 - INFO - Log processing completed successfully.
2024-12-28 20:00:59,900 - INFO - Starting log processing application...
2024-12-28 20:00:59,901 - INFO - Processing logs from directory: C:\Users\user\OneDrive\שולחן העבודה\logs\testlog
2024-12-28 20:00:59,902 - INFO - Log processing completed successfully.
2024-12-28 20:05:54,691 - INFO - Starting log processing application...
2024-12-28 20:05:54,692 - INFO - Processing logs from directory: C:\Users\user\OneDrive\שולחן העבודה\logs\testlog
2024-12-28 20:05:54,692 - INFO - Log processing completed successfully.
2024-12-28 20:07:17,662 - INFO - Starting log processing application...
2024-12-28 20:07:17,663 - INFO - Processing logs from directory: C:\Users\user\OneDrive\שולחן העבודה\logs\testlog
2024-12-28 20:07:17,664 - INFO - Log processing completed successfully.
2024-12-28 20:07:22,348 - INFO - Starting log processing application...
2024-12-28 20:07:22,349 - INFO - Processing logs from directory: C:\Users\user\OneDrive\שולחן העבודה\logs\testlog
2024-12-28 20:07:22,350 - INFO - Log processing completed successfully.
2024-12-28 20:12:50,470 - INFO - Starting log processing application...
2024-12-28 20:12:50,471 - INFO - Processing logs from directory: C:\Users\user\OneDrive\שולחן העבודה\logs\testlog
2024-12-28 20:12:50,486 - INFO - Log processing completed successfully.
2024-12-28 20:14:12,125 - INFO - Starting log processing application...
2024-12-28 20:14:12,126 - INFO - Processing logs from directory: C:\Users\user\OneDrive\שולחן העבודה\logs\testlog
2024-12-28 20:14:12,189 - INFO - Log processing completed successfully.
2024-12-28 20:16:18,138 - INFO - Starting log processing application...
2024-12-28 20:16:18,139 - INFO - Processing logs from directory: C:\Users\user\OneDrive\שולחן העבודה\logs\testlog
2024-12-28 20:16:18,158 - INFO - Log processing completed successfully.
2024-12-30 16:30:09,297 - INFO - Starting log processing application...
2024-12-30 16:30:09,305 - INFO - Processing logs from directory: C:\Users\user\OneDrive\שולחן העבודה\logs\testlog
2024-12-30 16:32:38,951 - INFO - Log processing completed successfully.
2024-12-30 16:44:53,426 - INFO - Starting log processing application...
2024-12-30 16:44:53,427 - INFO - Processing logs from directory: C:\Users\user\OneDrive\שולחן העבודה\logs\testlog
2024-12-30 16:44:53,437 - INFO - Log processing completed successfully.
2024-12-30 16:45:22,986 - INFO - Starting log processing application...
2024-12-30 16:45:22,988 - INFO - Processing logs from directory: C:\Users\user\OneDrive\שולחן העבודה\logs\testlog
2024-12-30 16:45:23,004 - INFO - Log processing completed successfully.
2025-01-01 20:23:26,161 - INFO - Starting log processing application...
2025-01-01 20:23:26,166 - INFO - Processing logs from directory: C:\Users\user\OneDrive\שולחן העבודה\logs\testlog
2025-01-01 20:23:26,190 - INFO - Log processing completed successfully.
2025-01-01 20:23:41,922 - INFO - Starting log processing application...
2025-01-01 20:23:41,923 - INFO - Processing logs from directory: C:\Users\user\OneDrive\שולחן העבודה\logs\testlog
2025-01-01 20:23:41,944 - INFO - Log processing completed successfully.
2025-01-01 20:24:56,500 - INFO - Starting log processing application...
2025-01-01 20:24:56,504 - INFO - Processing logs from directory: C:\Users\user\OneDrive\שולחן העבודה\logs\testlog
2025-01-01 20:24:56,514 - INFO - Log processing completed successfully.
2025-01-01 20:25:04,999 - INFO - Starting log processing application...
2025-01-01 20:25:05,003 - INFO - Processing logs from directory: C:\Users\user\OneDrive\שולחן העבודה\logs\testlog
2025-01-01 20:25:05,013 - INFO - Log processing completed successfully.
2025-01-01 20:25:18,495 - INFO - Starting log processing application...
2025-01-01 20:25:18,499 - INFO - Processing logs from directory: C:\Users\user\OneDrive\שולחן העבודה\logs\testlog
2025-01-01 20:25:26,649 - INFO - Log processing completed successfully.
2025-01-01 20:25:36,151 - INFO - Starting log processing application...
2025-01-01 20:25:36,154 - INFO - Processing logs from directory: C:\Users\user\OneDrive\שולחן העבודה\logs\testlog
2025-01-01 20:26:04,374 - INFO - Log processing completed successfully.
2025-01-01 20:26:38,597 - INFO - Starting log processing application...
2025-01-01 20:26:38,598 - INFO - Processing logs from directory: C:\Users\user\OneDrive\שולחן העבודה\logs\testlog
2025-01-01 20:26:38,632 - INFO - Log processing completed successfully.
2025-01-01 20:31:42,292 - INFO - Starting log processing application...
2025-01-01 20:31:42,293 - INFO - Processing logs from directory: C:\Users\user\OneDrive\שולחן העבודה\logs\testlog
2025-01-01 20:31:42,328 - INFO - Log processing completed successfully.
2025-01-01 20:36:38,333 - INFO - Starting log processing application...
2025-01-01 20:36:38,334 - INFO - Processing logs from directory: C:\Users\user\OneDrive\שולחן העבודה\logs\testlog
2025-01-01 20:36:38,335 - INFO - Log processing completed successfully.
2025-01-01 20:37:12,172 - INFO - Starting log processing application...
2025-01-01 20:37:12,173 - INFO - Processing logs from directory: C:\Users\user\OneDrive\שולחן העבודה\logs\testlog
2025-01-01 20:37:12,202 - INFO - Log processing completed successfully.
2025-01-01 20:37:53,509 - INFO - Starting log processing application...
2025-01-01 20:37:53,510 - INFO - Processing logs from directory: C:\Users\user\OneDrive\שולחן העבודה\logs\testlog
2025-01-01 20:37:53,540 - INFO - Log processing completed successfully.
2025-01-01 20:38:02,010 - INFO - Starting log processing application...
2025-01-01 20:38:02,011 - INFO - Processing logs from directory: C:\Users\user\OneDrive\שולחן העבודה\logs\testlog
2025-01-01 20:38:02,044 - INFO - Log processing completed successfully.
2025-01-01 20:38:09,457 - INFO - Starting log processing application...
2025-01-01 20:38:09,458 - INFO - Processing logs from directory: C:\Users\user\OneDrive\שולחן העבודה\logs\testlog
2025-01-01 20:38:09,479 - INFO - Log processing completed successfully.
2025-01-01 20:38:15,564 - INFO - Starting log processing application...
2025-01-01 20:38:15,565 - INFO - Processing logs from directory: C:\Users\user\OneDrive\שולחן העבודה\logs\testlog
2025-01-01 20:38:15,630 - INFO - Log processing completed successfully.
2025-01-01 20:44:38,992 - INFO - Starting log processing application...
2025-01-01 20:44:38,994 - INFO - Processing logs from directory: C:\Users\user\OneDrive\שולחן העבודה\logs\testlog
2025-01-01 20:44:39,072 - INFO - Log processing completed successfully.
2025-01-01 20:45:48,280 - INFO - Starting log processing application...
2025-01-01 20:45:48,282 - INFO - Processing logs from directory: C:\Users\user\OneDrive\שולחן העבודה\logs\testlog
2025-01-01 20:45:48,353 - INFO - Log processing completed successfully.
2025-01-01 20:47:17,109 - INFO - Starting log processing application...
2025-01-01 20:47:17,110 - INFO - Processing logs from directory: C:\Users\user\OneDrive\שולחן העבודה\logs\testlog
2025-01-01 20:47:17,110 - INFO - Log processing completed successfully.
2025-01-01 20:49:14,747 - INFO - Starting log processing application...
2025-01-01 20:49:14,749 - CRITICAL - An unrecoverable error occurred: __init__() got multiple values for argument 'encoding'
2025-01-01 20:49:35,594 - INFO - Starting log processing application...
2025-01-01 20:49:35,595 - CRITICAL - An unrecoverable error occurred: __init__() got multiple values for argument 'encoding'
2025-01-01 20:52:06,830 - INFO - Starting log processing application...
2025-01-01 20:52:06,831 - CRITICAL - An unrecoverable error occurred: __init__() got multiple values for argument 'encoding'
2025-01-01 20:54:06,395 - INFO - Starting log processing application...
2025-01-01 20:54:06,396 - INFO - Processing logs from directory: C:\Users\user\OneDrive\שולחן העבודה\logs\testlog
2025-01-01 20:54:06,397 - INFO - Log processing completed successfully.
2025-01-01 20:54:38,192 - INFO - Starting log processing application...
2025-01-01 20:54:38,193 - INFO - Processing logs from directory: C:\Users\user\OneDrive\שולחן העבודה\logs\testlog
2025-01-01 20:54:38,194 - INFO - Log processing completed successfully.
2025-01-01 20:55:37,271 - INFO - Starting log processing application...
2025-01-01 20:55:37,275 - INFO - Processing logs from directory: C:\Users\user\OneDrive\שולחן העבודה\logs\testlog
2025-01-01 20:55:37,277 - INFO - Log processing completed successfully.
2025-01-01 20:55:41,251 - INFO - Starting log processing application...
2025-01-01 20:55:41,255 - INFO - Processing logs from directory: C:\Users\user\OneDrive\שולחן העבודה\logs\testlog
2025-01-01 20:55:41,257 - INFO - Log processing completed successfully.
2025-01-01 21:00:15,308 - INFO - Starting log processing application...
2025-01-01 21:00:15,309 - INFO - Processing logs from directory: C:\Users\user\OneDrive\שולחן העבודה\logs\testlog
2025-01-01 21:00:15,312 - INFO - Log processing completed successfully.
2025-01-01 21:01:35,244 - INFO - Starting log processing application...
2025-01-01 21:01:35,245 - INFO - Processing logs from directory: C:\Users\user\OneDrive\שולחן העבודה\logs\testlog
2025-01-01 21:01:37,673 - INFO - Log processing completed successfully.
2025-01-04 17:29:47,753 - INFO - Starting log processing application...
2025-01-04 17:29:47,761 - INFO - Processing logs from directory: C:\Users\user\OneDrive\שולחן העבודה\logs\testlog
2025-01-04 17:29:50,142 - INFO - Log processing completed successfully.
2025-01-04 17:34:57,703 - INFO - Starting log processing application...
2025-01-04 17:34:57,707 - INFO - Processing logs from directory: C:\Users\user\OneDrive\שולחן העבודה\logs\testlog
2025-01-04 17:35:00,143 - INFO - Log processing completed successfully.
2025-01-04 17:35:02,160 - INFO - Starting log processing application...
2025-01-04 17:35:02,164 - INFO - Processing logs from directory: C:\Users\user\OneDrive\שולחן העבודה\logs\testlog
2025-01-04 17:35:04,645 - INFO - Log processing completed successfully.
2025-01-04 18:26:41,429 - INFO - Starting log processing application...
2025-01-04 18:26:41,430 - INFO - Processing logs from directory: C:\Users\user\OneDrive\שולחן העבודה\logs\testlog
2025-01-04 18:26:43,940 - INFO - Log processing completed successfully.
2025-01-04 18:26:56,402 - INFO - Starting log processing application...
2025-01-04 18:26:56,403 - INFO - Processing logs from directory: C:\Users\user\OneDrive\שולחן העבודה\logs\testlog
2025-01-04 18:26:58,978 - INFO - Log processing completed successfully.
2025-01-04 18:27:37,952 - INFO - Starting log processing application...
2025-01-04 18:27:37,953 - INFO - Processing logs from directory: C:\Users\user\OneDrive\שולחן העבודה\logs\testlog
2025-01-04 18:27:40,341 - INFO - Log processing completed successfully.
2025-01-04 18:29:13,545 - INFO - Starting log processing application...
2025-01-04 18:29:13,546 - INFO - Processing logs from directory: C:\Users\user\OneDrive\שולחן העבודה\logs\testlog
2025-01-04 18:29:16,195 - INFO - Log processing completed successfully.
2025-01-04 18:30:50,909 - INFO - Starting log processing application...
2025-01-04 18:30:50,910 - INFO - Processing logs from directory: C:\Users\user\OneDrive\שולחן העבודה\logs\testlog
2025-01-04 18:30:53,771 - INFO - Log processing completed successfully.
2025-01-04 19:06:37,906 - INFO - Starting log processing application...
2025-01-04 19:06:37,939 - INFO - Log processing completed successfully.
2025-01-04 19:08:06,674 - INFO - Starting log processing application...
2025-01-04 19:08:06,708 - INFO - Log processing completed successfully.
2025-01-04 19:08:52,670 - INFO - Starting log processing application...
2025-01-04 19:08:52,679 - INFO - Log processing completed successfully.
2025-01-04 19:18:48,176 - INFO - Starting log processing application...
2025-01-04 19:18:48,182 - INFO - Log processing completed successfully.
2025-01-04 19:19:33,166 - INFO - Starting log processing application...
2025-01-04 19:19:33,170 - INFO - Processing logs from directory: log_processor/GeneralLog.log
2025-01-04 19:19:33,171 - INFO - Log processing completed successfully.
2025-01-04 19:20:02,171 - INFO - Starting log processing application...
2025-01-04 19:20:02,175 - INFO - Log processing completed successfully.
2025-01-04 19:20:31,190 - INFO - Starting log processing application...
2025-01-04 19:20:31,193 - INFO - Processing logs from directory: log_processor/GeneralLog.log
2025-01-04 19:20:31,193 - INFO - Log processing completed successfully.
2025-01-04 22:34:04,731 - INFO - Starting log processing application...
2025-01-04 22:34:04,734 - INFO - Processing logs from directory: log_processor/GeneralLog.log
2025-01-04 22:34:04,735 - INFO - Log processing completed successfully.
2025-01-04 22:34:18,796 - INFO - Starting log processing application...
2025-01-04 22:34:18,801 - INFO - Processing logs from directory: log_processor/GeneralLog.log
2025-01-04 22:34:18,801 - INFO - Log processing completed successfully.
2025-01-04 22:34:28,363 - INFO - Starting log processing application...
2025-01-04 22:34:28,371 - INFO - Processing logs from directory: log_processor/GeneralLog.log
2025-01-04 22:34:28,372 - INFO - Log processing completed successfully.
2025-01-04 22:35:02,672 - INFO - Starting log processing application...
2025-01-04 22:35:02,675 - INFO - Processing logs from directory: log_processor/GeneralLog.log
2025-01-04 22:35:02,676 - INFO - Log processing completed successfully.
2025-01-05 20:34:27,618 - INFO - Starting log processing application...
2025-01-05 20:34:27,619 - ERROR - Failed to load configuration: while scanning a double-quoted scalar
  in "config/.yaml", line 3, column 15
expected escape sequence of 8 hexadecimal numbers, but found 's'
  in "config/.yaml", line 3, column 20
2025-01-05 20:34:37,285 - INFO - Starting log processing application...
2025-01-05 20:34:37,286 - ERROR - Failed to load configuration: while scanning a double-quoted scalar
  in "config/.yaml", line 3, column 15
expected escape sequence of 8 hexadecimal numbers, but found 's'
  in "config/.yaml", line 3, column 20
2025-01-05 20:34:47,983 - INFO - Starting log processing application...
2025-01-05 20:34:47,984 - ERROR - Failed to load configuration: while scanning a double-quoted scalar
  in "config/.yaml", line 3, column 15
expected escape sequence of 8 hexadecimal numbers, but found 's'
  in "config/.yaml", line 3, column 20
2025-01-05 20:39:05,830 - INFO - Starting log processing application...
2025-01-05 20:39:05,830 - ERROR - Failed to load configuration: while scanning a double-quoted scalar
  in "config/.yaml", line 3, column 15
expected escape sequence of 8 hexadecimal numbers, but found 's'
  in "config/.yaml", line 3, column 20
2025-01-05 20:39:13,706 - INFO - Starting log processing application...
2025-01-05 20:39:13,707 - ERROR - Failed to load configuration: while scanning a double-quoted scalar
  in "config/.yaml", line 3, column 15
expected escape sequence of 8 hexadecimal numbers, but found 's'
  in "config/.yaml", line 3, column 20
2025-01-05 20:39:27,318 - INFO - Starting log processing application...
2025-01-05 20:39:27,319 - ERROR - Failed to load configuration: while scanning a double-quoted scalar
  in "config/.yaml", line 3, column 15
expected escape sequence of 8 hexadecimal numbers, but found 's'
  in "config/.yaml", line 3, column 20
2025-01-05 20:40:18,499 - INFO - Starting log processing application...
2025-01-05 20:40:18,500 - ERROR - Failed to load configuration: while scanning a double-quoted scalar
  in "config/.yaml", line 3, column 15
expected escape sequence of 8 hexadecimal numbers, but found 's'
  in "config/.yaml", line 3, column 20
2025-01-05 20:40:38,865 - INFO - Starting log processing application...
2025-01-05 20:40:38,865 - ERROR - Failed to load configuration: while scanning a double-quoted scalar
  in "config/.yaml", line 3, column 15
expected escape sequence of 8 hexadecimal numbers, but found 's'
  in "config/.yaml", line 3, column 20
2025-01-05 20:40:50,094 - INFO - Starting log processing application...
2025-01-05 20:40:50,095 - ERROR - Failed to load configuration: while scanning a double-quoted scalar
  in "config/.yaml", line 3, column 15
expected escape sequence of 8 hexadecimal numbers, but found 's'
  in "config/.yaml", line 3, column 20
